{"/Users/nals_macbook_121/Desktop/nodejs-ut/src/APIException.ts": {"path":"/Users/nals_macbook_121/Desktop/nodejs-ut/src/APIException.ts","statementMap":{"0":{"start":{"line":1,"column":0},"end":{"line":1,"column":13}}},"fnMap":{},"branchMap":{},"s":{"0":2},"f":{},"b":{}}
,"/Users/nals_macbook_121/Desktop/nodejs-ut/src/FileService.ts": {"path":"/Users/nals_macbook_121/Desktop/nodejs-ut/src/FileService.ts","statementMap":{"0":{"start":{"line":1,"column":0},"end":{"line":1,"column":34}},"1":{"start":{"line":6,"column":24},"end":{"line":6,"column":73}},"2":{"start":{"line":7,"column":22},"end":{"line":7,"column":171}},"3":{"start":{"line":9,"column":8},"end":{"line":11,"column":9}},"4":{"start":{"line":10,"column":12},"end":{"line":10,"column":53}},"5":{"start":{"line":13,"column":8},"end":{"line":13,"column":45}},"6":{"start":{"line":4,"column":0},"end":{"line":4,"column":13}}},"fnMap":{"0":{"name":"(anonymous_16)","decl":{"start":{"line":5,"column":10},"end":{"line":5,"column":26}},"loc":{"start":{"line":5,"column":39},"end":{"line":14,"column":null}}}},"branchMap":{"0":{"loc":{"start":{"line":7,"column":104},"end":{"line":7,"column":133}},"type":"cond-expr","locations":[{"start":{"line":7,"column":117},"end":{"line":7,"column":123}},{"start":{"line":7,"column":126},"end":{"line":7,"column":133}}]},"1":{"loc":{"start":{"line":9,"column":8},"end":{"line":11,"column":9}},"type":"if","locations":[{"start":{"line":9,"column":8},"end":{"line":11,"column":9}}]}},"s":{"0":1,"1":6,"2":6,"3":6,"4":1,"5":6,"6":1},"f":{"0":6},"b":{"0":[5,1],"1":[1]}}
,"/Users/nals_macbook_121/Desktop/nodejs-ut/src/Order.ts": {"path":"/Users/nals_macbook_121/Desktop/nodejs-ut/src/Order.ts","statementMap":{"0":{"start":{"line":11,"column":8},"end":{"line":11,"column":21}},"1":{"start":{"line":12,"column":8},"end":{"line":12,"column":25}},"2":{"start":{"line":13,"column":8},"end":{"line":13,"column":29}},"3":{"start":{"line":14,"column":8},"end":{"line":14,"column":25}},"4":{"start":{"line":15,"column":8},"end":{"line":15,"column":28}},"5":{"start":{"line":16,"column":8},"end":{"line":16,"column":30}},"6":{"start":{"line":17,"column":8},"end":{"line":17,"column":29}},"7":{"start":{"line":1,"column":0},"end":{"line":1,"column":13}}},"fnMap":{"0":{"name":"(anonymous_0)","decl":{"start":{"line":10,"column":4},"end":{"line":10,"column":16}},"loc":{"start":{"line":10,"column":87},"end":{"line":18,"column":5}}}},"branchMap":{},"s":{"0":39,"1":39,"2":39,"3":39,"4":39,"5":39,"6":39,"7":4},"f":{"0":39},"b":{}}
,"/Users/nals_macbook_121/Desktop/nodejs-ut/src/OrderHandlerFactory.ts": {"path":"/Users/nals_macbook_121/Desktop/nodejs-ut/src/OrderHandlerFactory.ts","statementMap":{"0":{"start":{"line":4,"column":0},"end":{"line":4,"column":56}},"1":{"start":{"line":5,"column":0},"end":{"line":5,"column":56}},"2":{"start":{"line":6,"column":0},"end":{"line":6,"column":56}},"3":{"start":{"line":17,"column":8},"end":{"line":17,"column":35}},"4":{"start":{"line":18,"column":8},"end":{"line":18,"column":35}},"5":{"start":{"line":19,"column":8},"end":{"line":19,"column":53}},"6":{"start":{"line":20,"column":8},"end":{"line":20,"column":39}},"7":{"start":{"line":24,"column":8},"end":{"line":24,"column":30}},"8":{"start":{"line":28,"column":8},"end":{"line":37,"column":9}},"9":{"start":{"line":30,"column":16},"end":{"line":30,"column":104}},"10":{"start":{"line":32,"column":16},"end":{"line":32,"column":102}},"11":{"start":{"line":34,"column":16},"end":{"line":34,"column":86}},"12":{"start":{"line":36,"column":16},"end":{"line":36,"column":68}},"13":{"start":{"line":10,"column":0},"end":{"line":10,"column":13}}},"fnMap":{"0":{"name":"(anonymous_0)","decl":{"start":{"line":16,"column":4},"end":{"line":16,"column":16}},"loc":{"start":{"line":16,"column":130},"end":{"line":21,"column":5}}},"1":{"name":"(anonymous_1)","decl":{"start":{"line":23,"column":4},"end":{"line":23,"column":22}},"loc":{"start":{"line":23,"column":22},"end":{"line":25,"column":5}}},"2":{"name":"(anonymous_2)","decl":{"start":{"line":27,"column":4},"end":{"line":27,"column":14}},"loc":{"start":{"line":27,"column":32},"end":{"line":38,"column":5}}}},"branchMap":{"0":{"loc":{"start":{"line":28,"column":8},"end":{"line":37,"column":9}},"type":"switch","locations":[{"start":{"line":29,"column":12},"end":{"line":30,"column":104}},{"start":{"line":31,"column":12},"end":{"line":32,"column":102}},{"start":{"line":33,"column":12},"end":{"line":34,"column":86}},{"start":{"line":35,"column":12},"end":{"line":36,"column":68}}]}},"s":{"0":1,"1":1,"2":1,"3":5,"4":5,"5":5,"6":5,"7":1,"8":4,"9":1,"10":1,"11":1,"12":1,"13":1},"f":{"0":5,"1":1,"2":4},"b":{"0":[1,1,1,1]}}
,"/Users/nals_macbook_121/Desktop/nodejs-ut/src/OrderProcessingService.ts": {"path":"/Users/nals_macbook_121/Desktop/nodejs-ut/src/OrderProcessingService.ts","statementMap":{"0":{"start":{"line":8,"column":8},"end":{"line":8,"column":55}},"1":{"start":{"line":12,"column":8},"end":{"line":23,"column":9}},"2":{"start":{"line":13,"column":27},"end":{"line":13,"column":102}},"3":{"start":{"line":15,"column":12},"end":{"line":18,"column":13}},"4":{"start":{"line":16,"column":32},"end":{"line":16,"column":79}},"5":{"start":{"line":17,"column":16},"end":{"line":17,"column":45}},"6":{"start":{"line":20,"column":12},"end":{"line":20,"column":26}},"7":{"start":{"line":22,"column":12},"end":{"line":22,"column":25}},"8":{"start":{"line":4,"column":0},"end":{"line":4,"column":13}}},"fnMap":{"0":{"name":"(anonymous_7)","decl":{"start":{"line":7,"column":4},"end":{"line":7,"column":16}},"loc":{"start":{"line":7,"column":56},"end":{"line":9,"column":5}}},"1":{"name":"(anonymous_8)","decl":{"start":{"line":11,"column":10},"end":{"line":11,"column":23}},"loc":{"start":{"line":11,"column":38},"end":{"line":24,"column":null}}}},"branchMap":{},"s":{"0":8,"1":8,"2":8,"3":6,"4":9,"5":8,"6":4,"7":4,"8":1},"f":{"0":8,"1":8},"b":{}}
,"/Users/nals_macbook_121/Desktop/nodejs-ut/src/OrderTypeAHandler.ts": {"path":"/Users/nals_macbook_121/Desktop/nodejs-ut/src/OrderTypeAHandler.ts","statementMap":{"0":{"start":{"line":13,"column":8},"end":{"line":13,"column":35}},"1":{"start":{"line":14,"column":8},"end":{"line":14,"column":39}},"2":{"start":{"line":15,"column":8},"end":{"line":15,"column":53}},"3":{"start":{"line":19,"column":8},"end":{"line":24,"column":9}},"4":{"start":{"line":20,"column":12},"end":{"line":20,"column":59}},"5":{"start":{"line":21,"column":12},"end":{"line":21,"column":38}},"6":{"start":{"line":23,"column":12},"end":{"line":23,"column":43}},"7":{"start":{"line":26,"column":8},"end":{"line":26,"column":73}},"8":{"start":{"line":27,"column":8},"end":{"line":27,"column":87}},"9":{"start":{"line":7,"column":0},"end":{"line":7,"column":13}}},"fnMap":{"0":{"name":"(anonymous_7)","decl":{"start":{"line":12,"column":4},"end":{"line":12,"column":16}},"loc":{"start":{"line":12,"column":108},"end":{"line":16,"column":5}}},"1":{"name":"(anonymous_8)","decl":{"start":{"line":18,"column":10},"end":{"line":18,"column":17}},"loc":{"start":{"line":18,"column":30},"end":{"line":28,"column":null}}}},"branchMap":{},"s":{"0":8,"1":8,"2":8,"3":7,"4":7,"5":5,"6":2,"7":7,"8":7,"9":2},"f":{"0":8,"1":7},"b":{}}
,"/Users/nals_macbook_121/Desktop/nodejs-ut/src/OrderTypeBHandler.ts": {"path":"/Users/nals_macbook_121/Desktop/nodejs-ut/src/OrderTypeBHandler.ts","statementMap":{"0":{"start":{"line":5,"column":0},"end":{"line":5,"column":46}},"1":{"start":{"line":14,"column":8},"end":{"line":14,"column":35}},"2":{"start":{"line":15,"column":8},"end":{"line":15,"column":35}},"3":{"start":{"line":16,"column":8},"end":{"line":16,"column":53}},"4":{"start":{"line":20,"column":8},"end":{"line":25,"column":9}},"5":{"start":{"line":21,"column":32},"end":{"line":21,"column":70}},"6":{"start":{"line":22,"column":12},"end":{"line":22,"column":106}},"7":{"start":{"line":24,"column":12},"end":{"line":24,"column":54}},"8":{"start":{"line":27,"column":8},"end":{"line":27,"column":73}},"9":{"start":{"line":28,"column":8},"end":{"line":28,"column":87}},"10":{"start":{"line":32,"column":8},"end":{"line":34,"column":9}},"11":{"start":{"line":33,"column":12},"end":{"line":33,"column":31}},"12":{"start":{"line":36,"column":8},"end":{"line":38,"column":9}},"13":{"start":{"line":37,"column":12},"end":{"line":37,"column":27}},"14":{"start":{"line":40,"column":8},"end":{"line":42,"column":9}},"15":{"start":{"line":41,"column":12},"end":{"line":41,"column":31}},"16":{"start":{"line":44,"column":8},"end":{"line":46,"column":9}},"17":{"start":{"line":45,"column":12},"end":{"line":45,"column":29}},"18":{"start":{"line":48,"column":8},"end":{"line":48,"column":23}},"19":{"start":{"line":52,"column":8},"end":{"line":54,"column":9}},"20":{"start":{"line":53,"column":12},"end":{"line":53,"column":33}},"21":{"start":{"line":55,"column":8},"end":{"line":55,"column":31}},"22":{"start":{"line":8,"column":0},"end":{"line":8,"column":13}}},"fnMap":{"0":{"name":"(anonymous_7)","decl":{"start":{"line":13,"column":4},"end":{"line":13,"column":16}},"loc":{"start":{"line":13,"column":104},"end":{"line":17,"column":5}}},"1":{"name":"(anonymous_8)","decl":{"start":{"line":19,"column":10},"end":{"line":19,"column":17}},"loc":{"start":{"line":19,"column":30},"end":{"line":29,"column":null}}},"2":{"name":"(anonymous_10)","decl":{"start":{"line":31,"column":12},"end":{"line":31,"column":32}},"loc":{"start":{"line":31,"column":95},"end":{"line":49,"column":5}}},"3":{"name":"(anonymous_11)","decl":{"start":{"line":51,"column":12},"end":{"line":51,"column":26}},"loc":{"start":{"line":51,"column":41},"end":{"line":56,"column":5}}}},"branchMap":{"0":{"loc":{"start":{"line":22,"column":73},"end":{"line":22,"column":97}},"type":"cond-expr","locations":[{"start":{"line":22,"column":89},"end":{"line":22,"column":91}},{"start":{"line":22,"column":89},"end":{"line":22,"column":97}}]},"1":{"loc":{"start":{"line":22,"column":73},"end":{"line":22,"column":91}},"type":"binary-expr","locations":[{"start":{"line":22,"column":73},"end":{"line":22,"column":91}},{"start":{"line":22,"column":89},"end":{"line":22,"column":91}}]},"2":{"loc":{"start":{"line":32,"column":8},"end":{"line":34,"column":9}},"type":"if","locations":[{"start":{"line":32,"column":8},"end":{"line":34,"column":9}}]},"3":{"loc":{"start":{"line":36,"column":8},"end":{"line":38,"column":9}},"type":"if","locations":[{"start":{"line":36,"column":8},"end":{"line":38,"column":9}}]},"4":{"loc":{"start":{"line":40,"column":8},"end":{"line":42,"column":9}},"type":"if","locations":[{"start":{"line":40,"column":8},"end":{"line":42,"column":9}}]},"5":{"loc":{"start":{"line":40,"column":12},"end":{"line":40,"column":49}},"type":"binary-expr","locations":[{"start":{"line":40,"column":12},"end":{"line":40,"column":27}},{"start":{"line":40,"column":31},"end":{"line":40,"column":49}}]},"6":{"loc":{"start":{"line":44,"column":8},"end":{"line":46,"column":9}},"type":"if","locations":[{"start":{"line":44,"column":8},"end":{"line":46,"column":9}}]},"7":{"loc":{"start":{"line":44,"column":12},"end":{"line":44,"column":40}},"type":"binary-expr","locations":[{"start":{"line":44,"column":12},"end":{"line":44,"column":26}},{"start":{"line":44,"column":30},"end":{"line":44,"column":40}}]},"8":{"loc":{"start":{"line":52,"column":8},"end":{"line":54,"column":9}},"type":"if","locations":[{"start":{"line":52,"column":8},"end":{"line":54,"column":9}}]}},"s":{"0":2,"1":17,"2":17,"3":17,"4":16,"5":16,"6":14,"7":2,"8":16,"9":16,"10":14,"11":2,"12":12,"13":2,"14":10,"15":3,"16":7,"17":5,"18":2,"19":2,"20":1,"21":1,"22":2},"f":{"0":17,"1":16,"2":14,"3":2},"b":{"0":[0,14],"1":[14,14],"2":[2],"3":[2],"4":[3],"5":[10,6],"6":[5],"7":[7,3],"8":[1]}}
,"/Users/nals_macbook_121/Desktop/nodejs-ut/src/OrderTypeCHandler.ts": {"path":"/Users/nals_macbook_121/Desktop/nodejs-ut/src/OrderTypeCHandler.ts","statementMap":{"0":{"start":{"line":11,"column":8},"end":{"line":11,"column":35}},"1":{"start":{"line":12,"column":8},"end":{"line":12,"column":53}},"2":{"start":{"line":16,"column":8},"end":{"line":16,"column":64}},"3":{"start":{"line":17,"column":8},"end":{"line":17,"column":73}},"4":{"start":{"line":18,"column":8},"end":{"line":18,"column":87}},"5":{"start":{"line":6,"column":0},"end":{"line":6,"column":13}}},"fnMap":{"0":{"name":"(anonymous_7)","decl":{"start":{"line":10,"column":4},"end":{"line":10,"column":16}},"loc":{"start":{"line":10,"column":82},"end":{"line":13,"column":5}}},"1":{"name":"(anonymous_8)","decl":{"start":{"line":15,"column":10},"end":{"line":15,"column":17}},"loc":{"start":{"line":15,"column":30},"end":{"line":19,"column":null}}}},"branchMap":{"0":{"loc":{"start":{"line":16,"column":23},"end":{"line":16,"column":63}},"type":"cond-expr","locations":[{"start":{"line":16,"column":36},"end":{"line":16,"column":47}},{"start":{"line":16,"column":50},"end":{"line":16,"column":63}}]}},"s":{"0":8,"1":8,"2":7,"3":7,"4":6,"5":2},"f":{"0":8,"1":7},"b":{"0":[3,4]}}
,"/Users/nals_macbook_121/Desktop/nodejs-ut/src/PriorityCalculator.ts": {"path":"/Users/nals_macbook_121/Desktop/nodejs-ut/src/PriorityCalculator.ts","statementMap":{"0":{"start":{"line":3,"column":8},"end":{"line":3,"column":45}},"1":{"start":{"line":1,"column":0},"end":{"line":1,"column":13}}},"fnMap":{"0":{"name":"(anonymous_0)","decl":{"start":{"line":2,"column":4},"end":{"line":2,"column":13}},"loc":{"start":{"line":2,"column":28},"end":{"line":4,"column":5}}}},"branchMap":{"0":{"loc":{"start":{"line":3,"column":15},"end":{"line":3,"column":44}},"type":"cond-expr","locations":[{"start":{"line":3,"column":30},"end":{"line":3,"column":36}},{"start":{"line":3,"column":39},"end":{"line":3,"column":44}}]}},"s":{"0":5,"1":1},"f":{"0":5},"b":{"0":[2,3]}}
}
