TN:
SF:src/APIException.ts
FNF:0
FNH:0
DA:1,2
LF:1
LH:1
BRF:0
BRH:0
end_of_record
TN:
SF:src/FileService.ts
FN:5,(anonymous_16)
FNF:1
FNH:1
FNDA:6,(anonymous_16)
DA:1,1
DA:4,1
DA:6,6
DA:7,6
DA:9,6
DA:10,1
DA:13,6
LF:7
LH:7
BRDA:7,0,0,5
BRDA:7,0,1,1
BRDA:9,1,0,1
BRF:3
BRH:3
end_of_record
TN:
SF:src/Order.ts
FN:10,(anonymous_0)
FNF:1
FNH:1
FNDA:39,(anonymous_0)
DA:1,4
DA:11,39
DA:12,39
DA:13,39
DA:14,39
DA:15,39
DA:16,39
DA:17,39
LF:8
LH:8
BRF:0
BRH:0
end_of_record
TN:
SF:src/OrderHandlerFactory.ts
FN:16,(anonymous_0)
FN:23,(anonymous_1)
FN:27,(anonymous_2)
FNF:3
FNH:3
FNDA:5,(anonymous_0)
FNDA:1,(anonymous_1)
FNDA:4,(anonymous_2)
DA:4,1
DA:5,1
DA:6,1
DA:10,1
DA:17,5
DA:18,5
DA:19,5
DA:20,5
DA:24,1
DA:28,4
DA:30,1
DA:32,1
DA:34,1
DA:36,1
LF:14
LH:14
BRDA:28,0,0,1
BRDA:28,0,1,1
BRDA:28,0,2,1
BRDA:28,0,3,1
BRF:4
BRH:4
end_of_record
TN:
SF:src/OrderProcessingService.ts
FN:7,(anonymous_7)
FN:11,(anonymous_8)
FNF:2
FNH:2
FNDA:8,(anonymous_7)
FNDA:8,(anonymous_8)
DA:4,1
DA:8,8
DA:12,8
DA:13,8
DA:15,6
DA:16,9
DA:17,8
DA:20,4
DA:22,4
LF:9
LH:9
BRF:0
BRH:0
end_of_record
TN:
SF:src/OrderTypeAHandler.ts
FN:12,(anonymous_7)
FN:18,(anonymous_8)
FNF:2
FNH:2
FNDA:8,(anonymous_7)
FNDA:7,(anonymous_8)
DA:7,2
DA:13,8
DA:14,8
DA:15,8
DA:19,7
DA:20,7
DA:21,5
DA:23,2
DA:26,7
DA:27,7
LF:10
LH:10
BRF:0
BRH:0
end_of_record
TN:
SF:src/OrderTypeBHandler.ts
FN:13,(anonymous_7)
FN:19,(anonymous_8)
FN:31,(anonymous_10)
FN:51,(anonymous_11)
FNF:4
FNH:4
FNDA:17,(anonymous_7)
FNDA:16,(anonymous_8)
FNDA:14,(anonymous_10)
FNDA:2,(anonymous_11)
DA:5,2
DA:8,2
DA:14,17
DA:15,17
DA:16,17
DA:20,16
DA:21,16
DA:22,14
DA:24,2
DA:27,16
DA:28,16
DA:32,14
DA:33,2
DA:36,12
DA:37,2
DA:40,10
DA:41,3
DA:44,7
DA:45,5
DA:48,2
DA:52,2
DA:53,1
DA:55,1
LF:23
LH:23
BRDA:22,0,0,0
BRDA:22,0,1,14
BRDA:22,1,0,14
BRDA:22,1,1,14
BRDA:32,2,0,2
BRDA:36,3,0,2
BRDA:40,4,0,3
BRDA:40,5,0,10
BRDA:40,5,1,6
BRDA:44,6,0,5
BRDA:44,7,0,7
BRDA:44,7,1,3
BRDA:52,8,0,1
BRF:13
BRH:12
end_of_record
TN:
SF:src/OrderTypeCHandler.ts
FN:10,(anonymous_7)
FN:15,(anonymous_8)
FNF:2
FNH:2
FNDA:8,(anonymous_7)
FNDA:7,(anonymous_8)
DA:6,2
DA:11,8
DA:12,8
DA:16,7
DA:17,7
DA:18,6
LF:6
LH:6
BRDA:16,0,0,3
BRDA:16,0,1,4
BRF:2
BRH:2
end_of_record
TN:
SF:src/PriorityCalculator.ts
FN:2,(anonymous_0)
FNF:1
FNH:1
FNDA:5,(anonymous_0)
DA:1,1
DA:3,5
LF:2
LH:2
BRDA:3,0,0,2
BRDA:3,0,1,3
BRF:2
BRH:2
end_of_record
